<?xml version="1.0" encoding="UTF-8"?>
<!-- Generated by org.testng.reporters.JUnitXMLReporter -->
<testsuite hostname="EPBYVITW00FE" ignored="0" tests="5" failures="0" timestamp="06 Sep 2021 14:26:12 GMT" time="27.63" errors="0">
  <testcase name="loginTest" time="6.78" classname="OnlinerTest"/>
  <testcase name="enterToCarMarket" time="10.06" classname="OnlinerTest"/>
  <testcase name="selectModel" time="1.221" classname="OnlinerTest"/>
  <testcase name="selectPrice" time="6.55" classname="OnlinerTest"/>
  <testcase name="checkPriceRange" time="0.604" classname="OnlinerTest"/>
</testsuite>
