<?xml version="1.0" encoding="UTF-8"?>
<!-- Generated by org.testng.reporters.JUnitXMLReporter -->
<testsuite hostname="EPBYVITW00FE" ignored="0" tests="5" failures="0" timestamp="06 Sep 2021 12:50:10 GMT" time="28.588" errors="0">
  <testcase name="loginTest" time="7.0" classname="OnlinerTest"/>
  <testcase name="enterToCarMarket" time="9.936" classname="OnlinerTest"/>
  <testcase name="selectModel" time="1.204" classname="OnlinerTest"/>
  <testcase name="selectPrice" time="6.477" classname="OnlinerTest"/>
  <testcase name="checkPriceRange" time="0.619" classname="OnlinerTest"/>
</testsuite>
