<?xml version="1.0" encoding="UTF-8"?>
<testng-results skipped="0" failed="0" ignored="0" total="5" passed="5">
  <reporter-output>
  </reporter-output>
  <suite name="Test suite" duration-ms="28962" started-at="2021-09-06T13:51:57Z" finished-at="2021-09-06T13:52:26Z">
    <groups>
    </groups>
    <test name="OnlinerShopingTest" duration-ms="28962" started-at="2021-09-06T13:51:57Z" finished-at="2021-09-06T13:52:26Z">
      <class name="OnlinerTest">
        <test-method status="PASS" signature="setUp()[pri:0, instance:OnlinerTest@355a28cb]" name="setUp" is-config="true" duration-ms="2565" started-at="2021-09-06T13:51:57Z" finished-at="2021-09-06T13:52:00Z">
          <reporter-output>
          </reporter-output>
        </test-method> <!-- setUp -->
        <test-method status="PASS" signature="loginTest()[pri:0, instance:OnlinerTest@355a28cb]" name="loginTest" duration-ms="7512" started-at="2021-09-06T13:52:00Z" finished-at="2021-09-06T13:52:07Z">
          <reporter-output>
          </reporter-output>
        </test-method> <!-- loginTest -->
        <test-method status="PASS" signature="enterToCarMarket()[pri:0, instance:OnlinerTest@355a28cb]" name="enterToCarMarket" duration-ms="9692" started-at="2021-09-06T13:52:07Z" finished-at="2021-09-06T13:52:17Z">
          <reporter-output>
          </reporter-output>
        </test-method> <!-- enterToCarMarket -->
        <test-method status="PASS" signature="selectModel()[pri:0, instance:OnlinerTest@355a28cb]" name="selectModel" duration-ms="1295" started-at="2021-09-06T13:52:17Z" finished-at="2021-09-06T13:52:18Z">
          <reporter-output>
          </reporter-output>
        </test-method> <!-- selectModel -->
        <test-method status="PASS" signature="selectPrice()[pri:0, instance:OnlinerTest@355a28cb]" name="selectPrice" duration-ms="6460" started-at="2021-09-06T13:52:18Z" finished-at="2021-09-06T13:52:25Z">
          <reporter-output>
          </reporter-output>
        </test-method> <!-- selectPrice -->
        <test-method status="PASS" signature="checkPriceRange()[pri:0, instance:OnlinerTest@355a28cb]" name="checkPriceRange" duration-ms="624" started-at="2021-09-06T13:52:25Z" finished-at="2021-09-06T13:52:25Z">
          <reporter-output>
          </reporter-output>
        </test-method> <!-- checkPriceRange -->
        <test-method status="PASS" signature="tearDown()[pri:0, instance:OnlinerTest@355a28cb]" name="tearDown" is-config="true" duration-ms="801" started-at="2021-09-06T13:52:25Z" finished-at="2021-09-06T13:52:26Z">
          <reporter-output>
          </reporter-output>
        </test-method> <!-- tearDown -->
      </class> <!-- OnlinerTest -->
    </test> <!-- OnlinerShopingTest -->
  </suite> <!-- Test suite -->
</testng-results>
