<?xml version="1.0" encoding="UTF-8"?><testsuite errors="0" failures="4" name="tests.TestPostDummy" skipped="0" tests="8" time="9.24" timestamp="2021-05-31T17:18:44.702719+03:00[Europe/Minsk]"><testcase classname="tests.TestPostDummy" name="Post with null age test"/><testcase classname="tests.TestPostDummy" name="Post with negative age test"><failure message="expected:&lt;200&gt; but was:&lt;429&gt;" type="java.lang.AssertionError">expected:&lt;200&gt; but was:&lt;429&gt;</failure><system-err>expected:&lt;200&gt; but was:&lt;429&gt;&#13;
tests.TestPostDummy.postWithNegativeAgeTest(TestPostDummy.java:92)&#13;
java.base/jdk.internal.reflect.NativeMethodAccessorImpl.invoke0(Native Method)&#13;
java.base/jdk.internal.reflect.NativeMethodAccessorImpl.invoke(NativeMethodAccessorImpl.java:62)&#13;
java.base/jdk.internal.reflect.DelegatingMethodAccessorImpl.invoke(DelegatingMethodAccessorImpl.java:43)&#13;
java.base/jdk.internal.reflect.NativeMethodAccessorImpl.invoke0(Native Method)&#13;
java.base/jdk.internal.reflect.NativeMethodAccessorImpl.invoke(NativeMethodAccessorImpl.java:62)&#13;
java.base/jdk.internal.reflect.DelegatingMethodAccessorImpl.invoke(DelegatingMethodAccessorImpl.java:43)&#13;
</system-err></testcase><testcase classname="tests.TestPostDummy" name="Post without name test"><failure message="expected:&lt;200&gt; but was:&lt;429&gt;" type="java.lang.AssertionError">expected:&lt;200&gt; but was:&lt;429&gt;</failure><system-err>expected:&lt;200&gt; but was:&lt;429&gt;&#13;
tests.TestPostDummy.postWithoutNameTest(TestPostDummy.java:42)&#13;
java.base/jdk.internal.reflect.NativeMethodAccessorImpl.invoke0(Native Method)&#13;
java.base/jdk.internal.reflect.NativeMethodAccessorImpl.invoke(NativeMethodAccessorImpl.java:62)&#13;
java.base/jdk.internal.reflect.DelegatingMethodAccessorImpl.invoke(DelegatingMethodAccessorImpl.java:43)&#13;
java.base/jdk.internal.reflect.NativeMethodAccessorImpl.invoke0(Native Method)&#13;
java.base/jdk.internal.reflect.NativeMethodAccessorImpl.invoke(NativeMethodAccessorImpl.java:62)&#13;
java.base/jdk.internal.reflect.DelegatingMethodAccessorImpl.invoke(DelegatingMethodAccessorImpl.java:43)&#13;
</system-err></testcase><testcase classname="tests.TestPostDummy" name="Post without name and age test"><failure message="expected:&lt;200&gt; but was:&lt;429&gt;" type="java.lang.AssertionError">expected:&lt;200&gt; but was:&lt;429&gt;</failure><system-err>expected:&lt;200&gt; but was:&lt;429&gt;&#13;
tests.TestPostDummy.postWithoutNameAndAgeTest(TestPostDummy.java:124)&#13;
java.base/jdk.internal.reflect.NativeMethodAccessorImpl.invoke0(Native Method)&#13;
java.base/jdk.internal.reflect.NativeMethodAccessorImpl.invoke(NativeMethodAccessorImpl.java:62)&#13;
java.base/jdk.internal.reflect.DelegatingMethodAccessorImpl.invoke(DelegatingMethodAccessorImpl.java:43)&#13;
java.base/jdk.internal.reflect.NativeMethodAccessorImpl.invoke0(Native Method)&#13;
java.base/jdk.internal.reflect.NativeMethodAccessorImpl.invoke(NativeMethodAccessorImpl.java:62)&#13;
java.base/jdk.internal.reflect.DelegatingMethodAccessorImpl.invoke(DelegatingMethodAccessorImpl.java:43)&#13;
</system-err></testcase><testcase classname="tests.TestPostDummy" name="Post test"/><testcase classname="tests.TestPostDummy" name="Post with big age test"/><testcase classname="tests.TestPostDummy" name="Post with negative salary"><failure message="expected:&lt;200&gt; but was:&lt;429&gt;" type="java.lang.AssertionError">expected:&lt;200&gt; but was:&lt;429&gt;</failure><system-err>expected:&lt;200&gt; but was:&lt;429&gt;&#13;
tests.TestPostDummy.postWithNegativeSalary(TestPostDummy.java:141)&#13;
java.base/jdk.internal.reflect.NativeMethodAccessorImpl.invoke0(Native Method)&#13;
java.base/jdk.internal.reflect.NativeMethodAccessorImpl.invoke(NativeMethodAccessorImpl.java:62)&#13;
java.base/jdk.internal.reflect.DelegatingMethodAccessorImpl.invoke(DelegatingMethodAccessorImpl.java:43)&#13;
java.base/jdk.internal.reflect.NativeMethodAccessorImpl.invoke0(Native Method)&#13;
java.base/jdk.internal.reflect.NativeMethodAccessorImpl.invoke(NativeMethodAccessorImpl.java:62)&#13;
java.base/jdk.internal.reflect.DelegatingMethodAccessorImpl.invoke(DelegatingMethodAccessorImpl.java:43)&#13;
</system-err></testcase><testcase classname="tests.TestPostDummy" name="Post without age test"/></testsuite>